<?xml version="1.0" encoding="UTF-8"?>
<!-- Generated by org.testng.reporters.JUnitReportReporter -->
<testsuite hostname="DESKTOP-F19DPLC" failures="0" tests="2" name="runners.CucumberRunnerChimpTest" time="30.945" errors="0" timestamp="2023-02-02T14:11:01 EST" skipped="0">
  <testcase classname="runners.CucumberRunnerChimpTest" name="runScenario" time="20.596"/>
  <system-out/>
  <testcase classname="runners.CucumberRunnerChimpTest" name="runScenario" time="10.349"/>
  <system-out/>
</testsuite> <!-- runners.CucumberRunnerChimpTest -->
