<?xml version="1.0" encoding="UTF-8"?>
<!-- Generated by org.testng.reporters.JUnitReportReporter -->
<testsuite hostname="DESKTOP-F19DPLC" failures="0" tests="5" name="runners.CucumberRunner" time="66.884" errors="0" timestamp="2022-12-14T00:49:24 EST" skipped="0">
  <testcase classname="runners.CucumberRunner" name="runScenario" time="3.773"/>
  <system-out/>
  <testcase classname="runners.CucumberRunner" name="runScenario" time="17.268"/>
  <system-out/>
  <testcase classname="runners.CucumberRunner" name="runScenario" time="2.752"/>
  <system-out/>
  <testcase classname="runners.CucumberRunner" name="runScenario" time="21.979"/>
  <system-out/>
  <testcase classname="runners.CucumberRunner" name="runScenario" time="21.112"/>
  <system-out/>
</testsuite> <!-- runners.CucumberRunner -->
