<?xml version="1.0" encoding="UTF-8"?>
<!-- Generated by org.testng.reporters.JUnitReportReporter -->
<testsuite hostname="DESKTOP-F19DPLC" failures="0" tests="5" name="runners.CucumberRunnerRegression" time="98.544" errors="0" timestamp="2023-01-13T15:49:53 EST" skipped="0">
  <testcase classname="runners.CucumberRunnerRegression" name="runScenario" time="3.378"/>
  <system-out/>
  <testcase classname="runners.CucumberRunnerRegression" name="runScenario" time="25.325"/>
  <system-out/>
  <testcase classname="runners.CucumberRunnerRegression" name="runScenario" time="26.222"/>
  <system-out/>
  <testcase classname="runners.CucumberRunnerRegression" name="runScenario" time="39.268"/>
  <system-out/>
  <testcase classname="runners.CucumberRunnerRegression" name="runScenario" time="4.351"/>
  <system-out/>
</testsuite> <!-- runners.CucumberRunnerRegression -->
