<?xml version="1.0" encoding="UTF-8"?>
<!-- Generated by org.testng.reporters.JUnitReportReporter -->
<testsuite hostname="DESKTOP-F19DPLC" failures="0" tests="5" name="runners.CucumberRunnerRegression" time="60.177" errors="0" timestamp="2022-12-19T11:56:36 EST" skipped="0">
  <testcase classname="runners.CucumberRunnerRegression" name="runScenario" time="12.856"/>
  <system-out/>
  <testcase classname="runners.CucumberRunnerRegression" name="runScenario" time="1.141"/>
  <system-out/>
  <testcase classname="runners.CucumberRunnerRegression" name="runScenario" time="2.785"/>
  <system-out/>
  <testcase classname="runners.CucumberRunnerRegression" name="runScenario" time="21.269"/>
  <system-out/>
  <testcase classname="runners.CucumberRunnerRegression" name="runScenario" time="22.126"/>
  <system-out/>
</testsuite> <!-- runners.CucumberRunnerRegression -->
