<?xml version="1.0" encoding="UTF-8"?>
<!-- Generated by org.testng.reporters.JUnitReportReporter -->
<testsuite hostname="DESKTOP-F19DPLC" failures="0" tests="1" name="runners.CucumberRunnerLogin" time="2.374" errors="0" timestamp="2023-01-20T18:49:58 EST" skipped="0">
  <testcase classname="runners.CucumberRunnerLogin" name="runScenario" time="2.374"/>
  <system-out/>
</testsuite> <!-- runners.CucumberRunnerLogin -->
