<?xml version="1.0" encoding="UTF-8"?>
<!-- Generated by org.testng.reporters.JUnitReportReporter -->
<testsuite hostname="DESKTOP-F19DPLC" failures="0" tests="6" name="runners.CucumberRunnerRegression" time="15.154" errors="0" timestamp="2023-01-23T13:33:59 EST" skipped="0">
  <testcase classname="runners.CucumberRunnerRegression" name="runScenario" time="4.223"/>
  <system-out/>
  <testcase classname="runners.CucumberRunnerRegression" name="runScenario" time="5.139"/>
  <system-out/>
  <testcase classname="runners.CucumberRunnerRegression" name="runScenario" time="0.733"/>
  <system-out/>
  <testcase classname="runners.CucumberRunnerRegression" name="runScenario" time="0.264"/>
  <system-out/>
  <testcase classname="runners.CucumberRunnerRegression" name="runScenario" time="4.421"/>
  <system-out/>
  <testcase classname="runners.CucumberRunnerRegression" name="runScenario" time="0.374"/>
  <system-out/>
</testsuite> <!-- runners.CucumberRunnerRegression -->
