<?xml version="1.0" encoding="UTF-8"?>
<!-- Generated by org.testng.reporters.JUnitReportReporter -->
<testsuite hostname="DESKTOP-F19DPLC" failures="0" tests="3" name="runners.CucumberRunnerReactionTimeTestPage" time="46.918" errors="0" timestamp="2023-01-20T16:14:07 EST" skipped="0">
  <testcase classname="runners.CucumberRunnerReactionTimeTestPage" name="runScenario" time="20.495"/>
  <system-out/>
  <testcase classname="runners.CucumberRunnerReactionTimeTestPage" name="runScenario" time="20.785"/>
  <system-out/>
  <testcase classname="runners.CucumberRunnerReactionTimeTestPage" name="runScenario" time="5.638"/>
  <system-out/>
</testsuite> <!-- runners.CucumberRunnerReactionTimeTestPage -->
