<?xml version="1.0" encoding="UTF-8"?>
<!-- Generated by org.testng.reporters.JUnitReportReporter -->
<testsuite hostname="DESKTOP-F19DPLC" failures="0" tests="3" name="runners.CucumberRunnerLogin" time="47.585" errors="0" timestamp="2022-12-19T13:11:25 EST" skipped="0">
  <testcase classname="runners.CucumberRunnerLogin" name="runScenario" time="25.573"/>
  <system-out/>
  <testcase classname="runners.CucumberRunnerLogin" name="runScenario" time="20.878"/>
  <system-out/>
  <testcase classname="runners.CucumberRunnerLogin" name="runScenario" time="1.134"/>
  <system-out/>
</testsuite> <!-- runners.CucumberRunnerLogin -->
