<?xml version="1.0" encoding="UTF-8"?>
<!-- Generated by org.testng.reporters.JUnitReportReporter -->
<testsuite hostname="DESKTOP-F19DPLC" failures="0" tests="3" name="runners.CucumberRunnerLogin" time="26.240" errors="2" timestamp="2023-01-05T15:30:50 EST" skipped="0">
  <testcase classname="runners.CucumberRunnerLogin" name="runScenario" time="1.571">
    <error message="Cannot invoke &quot;Object.equals(Object)&quot; because &quot;commonUtilities.DatabaseMethods.con&quot; is null" type="java.lang.NullPointerException">
      <![CDATA[java.lang.NullPointerException: Cannot invoke "Object.equals(Object)" because "commonUtilities.DatabaseMethods.con" is null
at commonUtilities.DatabaseMethods.databaseConnection(DatabaseMethods.java:34)
at pages.LoginPage.connectToDatabase(LoginPage.java:27)
at stepdefinitions.Login_Stepdef.connectToDatabase(Login_Stepdef.java:24)
at ✽.user connected to database(file:///C:/Users/yunus/eclipse-AutomationProject/AutomationProject/src/test/java/features/login.feature:42)
]]>
    </error>
  </testcase> <!-- runScenario -->
  <system-out/>
  <testcase classname="runners.CucumberRunnerLogin" name="runScenario" time="6.506">
    <error message="Cannot invoke &quot;Object.equals(Object)&quot; because &quot;commonUtilities.DatabaseMethods.con&quot; is null" type="java.lang.NullPointerException">
      <![CDATA[java.lang.NullPointerException: Cannot invoke "Object.equals(Object)" because "commonUtilities.DatabaseMethods.con" is null
at commonUtilities.DatabaseMethods.databaseConnection(DatabaseMethods.java:34)
at pages.LoginPage.connectToDatabase(LoginPage.java:27)
at stepdefinitions.Login_Stepdef.connectToDatabase(Login_Stepdef.java:24)
at ✽.user connected to database(file:///C:/Users/yunus/eclipse-AutomationProject/AutomationProject/src/test/java/features/login.feature:29)
]]>
    </error>
  </testcase> <!-- runScenario -->
  <system-out/>
  <testcase classname="runners.CucumberRunnerLogin" name="runScenario" time="18.163"/>
  <system-out/>
</testsuite> <!-- runners.CucumberRunnerLogin -->
