<?xml version="1.0" encoding="UTF-8"?>
<!-- Generated by org.testng.reporters.JUnitReportReporter -->
<testsuite hostname="DESKTOP-F19DPLC" failures="0" tests="3" name="runners.CucumberRunner" time="22.336" errors="0" timestamp="2022-12-11T20:14:53 EST" skipped="0">
  <testcase classname="runners.CucumberRunner" name="runScenario" time="1.551"/>
  <system-out/>
  <testcase classname="runners.CucumberRunner" name="runScenario" time="4.411"/>
  <system-out/>
  <testcase classname="runners.CucumberRunner" name="runScenario" time="16.374"/>
  <system-out/>
</testsuite> <!-- runners.CucumberRunner -->
