<?xml version="1.0" encoding="UTF-8"?>
<!-- Generated by org.testng.reporters.JUnitReportReporter -->
<testsuite hostname="DESKTOP-F19DPLC" failures="0" tests="5" name="runners.CucumberRunnerRegression" time="53.957" errors="0" timestamp="2022-12-20T11:36:16 EST" skipped="0">
  <testcase classname="runners.CucumberRunnerRegression" name="runScenario" time="20.978"/>
  <system-out/>
  <testcase classname="runners.CucumberRunnerRegression" name="runScenario" time="5.463"/>
  <system-out/>
  <testcase classname="runners.CucumberRunnerRegression" name="runScenario" time="1.138"/>
  <system-out/>
  <testcase classname="runners.CucumberRunnerRegression" name="runScenario" time="2.453"/>
  <system-out/>
  <testcase classname="runners.CucumberRunnerRegression" name="runScenario" time="23.925"/>
  <system-out/>
</testsuite> <!-- runners.CucumberRunnerRegression -->
