<?xml version="1.0" encoding="UTF-8"?>
<!-- Generated by org.testng.reporters.JUnitReportReporter -->
<testsuite hostname="DESKTOP-F19DPLC" failures="1" tests="14" name="runners.CucumberRunnerRegression" time="167.713" errors="0" timestamp="2023-01-28T21:52:18 EST" skipped="0">
  <testcase classname="runners.CucumberRunnerRegression" name="runScenario" time="54.441"/>
  <system-out/>
  <testcase classname="runners.CucumberRunnerRegression" name="runScenario" time="46.122"/>
  <system-out/>
  <testcase classname="runners.CucumberRunnerRegression" name="runScenario" time="2.082"/>
  <system-out/>
  <testcase classname="runners.CucumberRunnerRegression" name="runScenario" time="0.246"/>
  <system-out/>
  <testcase classname="runners.CucumberRunnerRegression" name="runScenario" time="16.621"/>
  <system-out/>
  <testcase classname="runners.CucumberRunnerRegression" name="runScenario" time="2.571"/>
  <system-out/>
  <testcase classname="runners.CucumberRunnerRegression" name="runScenario" time="2.248"/>
  <system-out/>
  <testcase classname="runners.CucumberRunnerRegression" name="runScenario" time="27.611">
    <failure message="expected [true] but found [false]" type="java.lang.AssertionError">
      <![CDATA[java.lang.AssertionError: expected [true] but found [false]
at org.testng.Assert.fail(Assert.java:99)
at org.testng.Assert.failNotEquals(Assert.java:1037)
at org.testng.Assert.assertTrue(Assert.java:45)
at org.testng.Assert.assertTrue(Assert.java:55)
at commonUtilities.Screenshot.logFail(Screenshot.java:40)
at commonUtilities.GenericMethods.getText(GenericMethods.java:172)
at pages.VerbalMemoryPage.failVerbalMemoryTest(VerbalMemoryPage.java:70)
at stepdefinitions.VerbalMemory_Stepdef.userFailVerbalMemoryTest(VerbalMemory_Stepdef.java:23)
at âœ½.user fail Verbal Memory Test(file:///C:/Users/yunus/git/HumanBenchMarkAutomation/src/test/java/features/regression.feature:83)
]]>
    </failure>
  </testcase> <!-- runScenario -->
  <system-out/>
  <testcase classname="runners.CucumberRunnerRegression" name="runScenario" time="4.156"/>
  <system-out/>
  <testcase classname="runners.CucumberRunnerRegression" name="runScenario" time="0.661"/>
  <system-out/>
  <testcase classname="runners.CucumberRunnerRegression" name="runScenario" time="3.919"/>
  <system-out/>
  <testcase classname="runners.CucumberRunnerRegression" name="runScenario" time="4.489"/>
  <system-out/>
  <testcase classname="runners.CucumberRunnerRegression" name="runScenario" time="2.299"/>
  <system-out/>
  <testcase classname="runners.CucumberRunnerRegression" name="runScenario" time="0.247"/>
  <system-out/>
</testsuite> <!-- runners.CucumberRunnerRegression -->
