<?xml version="1.0" encoding="UTF-8"?>
<!-- Generated by org.testng.reporters.JUnitReportReporter -->
<testsuite hostname="DESKTOP-F19DPLC" failures="0" tests="3" name="runners.CucumberRunnerLogin" time="50.838" errors="0" timestamp="2022-12-18T23:23:16 EST" skipped="0">
  <testcase classname="runners.CucumberRunnerLogin" name="runScenario" time="21.367"/>
  <system-out/>
  <testcase classname="runners.CucumberRunnerLogin" name="runScenario" time="1.213"/>
  <system-out/>
  <testcase classname="runners.CucumberRunnerLogin" name="runScenario" time="28.258"/>
  <system-out/>
</testsuite> <!-- runners.CucumberRunnerLogin -->
