<?xml version="1.0" encoding="UTF-8"?>
<!-- Generated by org.testng.reporters.JUnitReportReporter -->
<testsuite hostname="DESKTOP-F19DPLC" failures="1" tests="2" name="runners.CucumberRunner" time="52.277" errors="0" timestamp="2023-01-08T20:56:36 EST" skipped="0">
  <testcase classname="runners.CucumberRunner" name="runScenario" time="50.536">
    <failure message="expected [true] but found [false]" type="java.lang.AssertionError">
      <![CDATA[java.lang.AssertionError: expected [true] but found [false]
at org.testng.Assert.fail(Assert.java:99)
at org.testng.Assert.failNotEquals(Assert.java:1037)
at org.testng.Assert.assertTrue(Assert.java:45)
at org.testng.Assert.assertTrue(Assert.java:55)
at commonUtilities.Screenshot.logFail(Screenshot.java:40)
at commonUtilities.GenericMethods.isDisplayed(GenericMethods.java:75)
at pages.HomePage.clickOnBackToTopButton(HomePage.java:45)
at stepdefinitions.Home_Stepdef.userScrollToBack_To_Top_ButtonAndClickAndValidate(Home_Stepdef.java:46)
at âœ½.user scroll to Back-to-top button and click and validate(file:///C:/Users/yunus/eclipse-AutomationProject/AutomationProject/src/test/java/features/login.feature:49)
]]>
    </failure>
  </testcase> <!-- runScenario -->
  <system-out/>
  <testcase classname="runners.CucumberRunner" name="runScenario" time="1.741"/>
  <system-out/>
</testsuite> <!-- runners.CucumberRunner -->
