<?xml version="1.0" encoding="UTF-8"?>
<!-- Generated by org.testng.reporters.JUnitReportReporter -->
<testsuite hostname="DESKTOP-F19DPLC" failures="0" tests="3" name="runners.CucumberRunnerReactionTimeTestPage" time="24.418" errors="0" timestamp="2023-01-19T19:49:58 EST" skipped="0">
  <testcase classname="runners.CucumberRunnerReactionTimeTestPage" name="runScenario" time="0.344"/>
  <system-out/>
  <testcase classname="runners.CucumberRunnerReactionTimeTestPage" name="runScenario" time="16.555"/>
  <system-out/>
  <testcase classname="runners.CucumberRunnerReactionTimeTestPage" name="runScenario" time="7.519"/>
  <system-out/>
</testsuite> <!-- runners.CucumberRunnerReactionTimeTestPage -->
