<?xml version="1.0" encoding="UTF-8"?>
<!-- Generated by org.testng.reporters.JUnitReportReporter -->
<testsuite hostname="DESKTOP-F19DPLC" failures="0" tests="4" name="runners.CucumberRunnerSequenceMemory" time="62.444" errors="0" timestamp="2023-01-25T12:14:49 EST" skipped="0">
  <testcase classname="runners.CucumberRunnerSequenceMemory" name="runScenario" time="2.329"/>
  <system-out/>
  <testcase classname="runners.CucumberRunnerSequenceMemory" name="runScenario" time="0.428"/>
  <system-out/>
  <testcase classname="runners.CucumberRunnerSequenceMemory" name="runScenario" time="57.091"/>
  <system-out/>
  <testcase classname="runners.CucumberRunnerSequenceMemory" name="runScenario" time="2.596"/>
  <system-out/>
</testsuite> <!-- runners.CucumberRunnerSequenceMemory -->
