<?xml version="1.0" encoding="UTF-8"?>
<!-- Generated by org.testng.reporters.JUnitReportReporter -->
<testsuite hostname="DESKTOP-F19DPLC" failures="0" tests="8" name="runners.CucumberRunnerRegression" time="68.897" errors="0" timestamp="2023-01-20T16:04:25 EST" skipped="0">
  <testcase classname="runners.CucumberRunnerRegression" name="runScenario" time="20.323"/>
  <system-out/>
  <testcase classname="runners.CucumberRunnerRegression" name="runScenario" time="0.652"/>
  <system-out/>
  <testcase classname="runners.CucumberRunnerRegression" name="runScenario" time="2.742"/>
  <system-out/>
  <testcase classname="runners.CucumberRunnerRegression" name="runScenario" time="0.227"/>
  <system-out/>
  <testcase classname="runners.CucumberRunnerRegression" name="runScenario" time="1.082"/>
  <system-out/>
  <testcase classname="runners.CucumberRunnerRegression" name="runScenario" time="20.193"/>
  <system-out/>
  <testcase classname="runners.CucumberRunnerRegression" name="runScenario" time="0.488"/>
  <system-out/>
  <testcase classname="runners.CucumberRunnerRegression" name="runScenario" time="23.190"/>
  <system-out/>
</testsuite> <!-- runners.CucumberRunnerRegression -->
