<?xml version="1.0" encoding="UTF-8"?>
<!-- Generated by org.testng.reporters.JUnitReportReporter -->
<testsuite hostname="DESKTOP-F19DPLC" failures="0" tests="2" name="runners.CucumberRunnerAimTrainer" time="43.713" errors="0" timestamp="2023-01-22T17:24:27 EST" skipped="0">
  <testcase classname="runners.CucumberRunnerAimTrainer" name="runScenario" time="6.981"/>
  <system-out/>
  <testcase classname="runners.CucumberRunnerAimTrainer" name="runScenario" time="36.732"/>
  <system-out/>
</testsuite> <!-- runners.CucumberRunnerAimTrainer -->
