<?xml version="1.0" encoding="UTF-8"?>
<!-- Generated by org.testng.reporters.JUnitReportReporter -->
<testsuite hostname="DESKTOP-F19DPLC" failures="0" tests="2" name="runners.CucumberRunnerAimTrainer" time="39.911" errors="0" timestamp="2023-01-20T19:19:20 EST" skipped="0">
  <testcase classname="runners.CucumberRunnerAimTrainer" name="runScenario" time="36.824"/>
  <system-out/>
  <testcase classname="runners.CucumberRunnerAimTrainer" name="runScenario" time="3.087"/>
  <system-out/>
</testsuite> <!-- runners.CucumberRunnerAimTrainer -->
