<?xml version="1.0" encoding="UTF-8"?>
<!-- Generated by org.testng.reporters.JUnitReportReporter -->
<testsuite hostname="DESKTOP-F19DPLC" failures="0" tests="8" name="runners.CucumberRunnerRegression" time="86.953" errors="0" timestamp="2023-01-22T15:03:16 EST" skipped="0">
  <testcase classname="runners.CucumberRunnerRegression" name="runScenario" time="20.362"/>
  <system-out/>
  <testcase classname="runners.CucumberRunnerRegression" name="runScenario" time="0.264"/>
  <system-out/>
  <testcase classname="runners.CucumberRunnerRegression" name="runScenario" time="3.197"/>
  <system-out/>
  <testcase classname="runners.CucumberRunnerRegression" name="runScenario" time="1.163"/>
  <system-out/>
  <testcase classname="runners.CucumberRunnerRegression" name="runScenario" time="16.654"/>
  <system-out/>
  <testcase classname="runners.CucumberRunnerRegression" name="runScenario" time="20.194"/>
  <system-out/>
  <testcase classname="runners.CucumberRunnerRegression" name="runScenario" time="0.777"/>
  <system-out/>
  <testcase classname="runners.CucumberRunnerRegression" name="runScenario" time="24.342"/>
  <system-out/>
</testsuite> <!-- runners.CucumberRunnerRegression -->
