<?xml version="1.0" encoding="UTF-8"?>
<!-- Generated by org.testng.reporters.JUnitReportReporter -->
<testsuite hostname="DESKTOP-F19DPLC" failures="0" tests="5" name="runners.CucumberRunnerRegression" time="52.868" errors="0" timestamp="2022-12-19T13:26:04 EST" skipped="0">
  <testcase classname="runners.CucumberRunnerRegression" name="runScenario" time="5.507"/>
  <system-out/>
  <testcase classname="runners.CucumberRunnerRegression" name="runScenario" time="20.729"/>
  <system-out/>
  <testcase classname="runners.CucumberRunnerRegression" name="runScenario" time="2.890"/>
  <system-out/>
  <testcase classname="runners.CucumberRunnerRegression" name="runScenario" time="22.352"/>
  <system-out/>
  <testcase classname="runners.CucumberRunnerRegression" name="runScenario" time="1.390"/>
  <system-out/>
</testsuite> <!-- runners.CucumberRunnerRegression -->
