<?xml version="1.0" encoding="UTF-8"?>
<!-- Generated by org.testng.reporters.JUnitReportReporter -->
<testsuite hostname="DESKTOP-F19DPLC" failures="0" tests="6" name="runners.CucumberRunnerRegression" time="14.761" errors="0" timestamp="2023-01-22T19:28:09 EST" skipped="0">
  <testcase classname="runners.CucumberRunnerRegression" name="runScenario" time="4.430"/>
  <system-out/>
  <testcase classname="runners.CucumberRunnerRegression" name="runScenario" time="0.283"/>
  <system-out/>
  <testcase classname="runners.CucumberRunnerRegression" name="runScenario" time="0.750"/>
  <system-out/>
  <testcase classname="runners.CucumberRunnerRegression" name="runScenario" time="3.621"/>
  <system-out/>
  <testcase classname="runners.CucumberRunnerRegression" name="runScenario" time="5.291"/>
  <system-out/>
  <testcase classname="runners.CucumberRunnerRegression" name="runScenario" time="0.386"/>
  <system-out/>
</testsuite> <!-- runners.CucumberRunnerRegression -->
