<?xml version="1.0" encoding="UTF-8"?>
<!-- Generated by org.testng.reporters.JUnitReportReporter -->
<testsuite hostname="DESKTOP-F19DPLC" failures="0" tests="5" name="runners.CucumberRunner" time="50.794" errors="0" timestamp="2022-12-18T19:54:41 EST" skipped="0">
  <testcase classname="runners.CucumberRunner" name="runScenario" time="22.026"/>
  <system-out/>
  <testcase classname="runners.CucumberRunner" name="runScenario" time="3.807"/>
  <system-out/>
  <testcase classname="runners.CucumberRunner" name="runScenario" time="21.148"/>
  <system-out/>
  <testcase classname="runners.CucumberRunner" name="runScenario" time="2.800"/>
  <system-out/>
  <testcase classname="runners.CucumberRunner" name="runScenario" time="1.013"/>
  <system-out/>
</testsuite> <!-- runners.CucumberRunner -->
