<?xml version="1.0" encoding="UTF-8"?>
<!-- Generated by org.testng.reporters.JUnitReportReporter -->
<testsuite hostname="DESKTOP-F19DPLC" failures="1" tests="5" name="runners.CucumberRunner" time="88.531" errors="0" timestamp="2022-12-14T16:59:20 EST" skipped="0">
  <testcase classname="runners.CucumberRunner" name="runScenario" time="4.078"/>
  <system-out/>
  <testcase classname="runners.CucumberRunner" name="runScenario" time="22.721">
    <failure message="expected [true] but found [false]" type="java.lang.AssertionError">
      <![CDATA[java.lang.AssertionError: expected [true] but found [false]
at org.testng.Assert.fail(Assert.java:99)
at org.testng.Assert.failNotEquals(Assert.java:1037)
at org.testng.Assert.assertTrue(Assert.java:45)
at org.testng.Assert.assertTrue(Assert.java:55)
at commonUtilities.GenericMethods.clickElement(GenericMethods.java:27)
at pages.HomePage.clickOnModuleLink(HomePage.java:36)
at stepdefinitions.Home_Stepdef.thenUserClickOnBestSellersLink(Home_Stepdef.java:41)
at âœ½.user click on "New Release" link(file:///C:/Users/yunus/eclipse-AutomationProject/AutomationProject/src/test/java/features/login.feature:29)
]]>
    </failure>
  </testcase> <!-- runScenario -->
  <system-out/>
  <testcase classname="runners.CucumberRunner" name="runScenario" time="21.189"/>
  <system-out/>
  <testcase classname="runners.CucumberRunner" name="runScenario" time="23.437"/>
  <system-out/>
  <testcase classname="runners.CucumberRunner" name="runScenario" time="17.106"/>
  <system-out/>
</testsuite> <!-- runners.CucumberRunner -->
