<?xml version="1.0" encoding="UTF-8"?>
<!-- Generated by org.testng.reporters.JUnitReportReporter -->
<testsuite hostname="DESKTOP-F19DPLC" failures="0" tests="7" name="runners.CucumberRunnerRegression" time="83.947" errors="0" timestamp="2023-01-25T11:02:56 EST" skipped="0">
  <testcase classname="runners.CucumberRunnerRegression" name="runScenario" time="0.221"/>
  <system-out/>
  <testcase classname="runners.CucumberRunnerRegression" name="runScenario" time="1.177"/>
  <system-out/>
  <testcase classname="runners.CucumberRunnerRegression" name="runScenario" time="2.665"/>
  <system-out/>
  <testcase classname="runners.CucumberRunnerRegression" name="runScenario" time="4.524"/>
  <system-out/>
  <testcase classname="runners.CucumberRunnerRegression" name="runScenario" time="16.534"/>
  <system-out/>
  <testcase classname="runners.CucumberRunnerRegression" name="runScenario" time="4.170"/>
  <system-out/>
  <testcase classname="runners.CucumberRunnerRegression" name="runScenario" time="54.656"/>
  <system-out/>
</testsuite> <!-- runners.CucumberRunnerRegression -->
