<?xml version="1.0" encoding="UTF-8"?>
<!-- Generated by org.testng.reporters.JUnitReportReporter -->
<testsuite hostname="DESKTOP-F19DPLC" failures="0" tests="4" name="runners.CucumberRunnerVerbalMemory" time="13.208" errors="0" timestamp="2023-01-28T21:57:02 EST" skipped="0">
  <testcase classname="runners.CucumberRunnerVerbalMemory" name="runScenario" time="4.748"/>
  <system-out/>
  <testcase classname="runners.CucumberRunnerVerbalMemory" name="runScenario" time="6.442"/>
  <system-out/>
  <testcase classname="runners.CucumberRunnerVerbalMemory" name="runScenario" time="1.676"/>
  <system-out/>
  <testcase classname="runners.CucumberRunnerVerbalMemory" name="runScenario" time="0.342"/>
  <system-out/>
</testsuite> <!-- runners.CucumberRunnerVerbalMemory -->
