<?xml version="1.0" encoding="UTF-8"?>
<!-- Generated by org.testng.reporters.JUnitReportReporter -->
<testsuite hostname="DESKTOP-F19DPLC" failures="0" tests="2" name="runners.CucumberRunnerNumberMemory" time="21.379" errors="0" timestamp="2023-01-25T14:42:47 EST" skipped="0">
  <testcase classname="runners.CucumberRunnerNumberMemory" name="runScenario" time="16.652"/>
  <system-out/>
  <testcase classname="runners.CucumberRunnerNumberMemory" name="runScenario" time="4.727"/>
  <system-out/>
</testsuite> <!-- runners.CucumberRunnerNumberMemory -->
