<?xml version="1.0" encoding="UTF-8"?>
<!-- Generated by org.testng.reporters.JUnitReportReporter -->
<testsuite hostname="DESKTOP-F19DPLC" failures="0" tests="5" name="runners.CucumberRunnerRegression" time="52.420" errors="0" timestamp="2022-12-20T20:03:24 EST" skipped="0">
  <testcase classname="runners.CucumberRunnerRegression" name="runScenario" time="21.119"/>
  <system-out/>
  <testcase classname="runners.CucumberRunnerRegression" name="runScenario" time="5.382"/>
  <system-out/>
  <testcase classname="runners.CucumberRunnerRegression" name="runScenario" time="1.265"/>
  <system-out/>
  <testcase classname="runners.CucumberRunnerRegression" name="runScenario" time="2.466"/>
  <system-out/>
  <testcase classname="runners.CucumberRunnerRegression" name="runScenario" time="22.188"/>
  <system-out/>
</testsuite> <!-- runners.CucumberRunnerRegression -->
