<?xml version="1.0" encoding="UTF-8"?>
<!-- Generated by org.testng.reporters.JUnitReportReporter -->
<testsuite hostname="DESKTOP-F19DPLC" failures="0" tests="3" name="runners.CucumberRunnerLogin" time="47.633" errors="0" timestamp="2022-12-19T17:07:29 EST" skipped="0">
  <testcase classname="runners.CucumberRunnerLogin" name="runScenario" time="1.331"/>
  <system-out/>
  <testcase classname="runners.CucumberRunnerLogin" name="runScenario" time="20.816"/>
  <system-out/>
  <testcase classname="runners.CucumberRunnerLogin" name="runScenario" time="25.486"/>
  <system-out/>
</testsuite> <!-- runners.CucumberRunnerLogin -->
