<?xml version="1.0" encoding="UTF-8"?>
<!-- Generated by org.testng.reporters.JUnitReportReporter -->
<testsuite hostname="DESKTOP-F19DPLC" failures="0" tests="2" name="runners.CucumberRunner" time="20.099" errors="0" timestamp="2022-12-10T23:48:33 EST" skipped="0">
  <testcase classname="runners.CucumberRunner" name="runScenario" time="3.738"/>
  <system-out/>
  <testcase classname="runners.CucumberRunner" name="runScenario" time="16.361"/>
  <system-out/>
</testsuite> <!-- runners.CucumberRunner -->
