<?xml version="1.0" encoding="UTF-8"?>
<!-- Generated by org.testng.reporters.JUnitReportReporter -->
<testsuite hostname="DESKTOP-F19DPLC" failures="0" tests="4" name="runners.CucumberRunner" time="47.573" errors="0" timestamp="2022-12-14T00:33:12 EST" skipped="0">
  <testcase classname="runners.CucumberRunner" name="runScenario" time="4.077"/>
  <system-out/>
  <testcase classname="runners.CucumberRunner" name="runScenario" time="23.877"/>
  <system-out/>
  <testcase classname="runners.CucumberRunner" name="runScenario" time="2.462"/>
  <system-out/>
  <testcase classname="runners.CucumberRunner" name="runScenario" time="17.157"/>
  <system-out/>
</testsuite> <!-- runners.CucumberRunner -->
