<?xml version="1.0" encoding="UTF-8"?>
<!-- Generated by org.testng.reporters.JUnitReportReporter -->
<testsuite hostname="DESKTOP-F19DPLC" failures="0" tests="3" name="runners.CucumberRunnerReactionTimeTestPage" time="24.303" errors="0" timestamp="2023-01-20T00:05:46 EST" skipped="0">
  <testcase classname="runners.CucumberRunnerReactionTimeTestPage" name="runScenario" time="0.379"/>
  <system-out/>
  <testcase classname="runners.CucumberRunnerReactionTimeTestPage" name="runScenario" time="16.518"/>
  <system-out/>
  <testcase classname="runners.CucumberRunnerReactionTimeTestPage" name="runScenario" time="7.406"/>
  <system-out/>
</testsuite> <!-- runners.CucumberRunnerReactionTimeTestPage -->
