<?xml version="1.0" encoding="UTF-8"?>
<!-- Generated by org.testng.reporters.JUnitReportReporter -->
<testsuite hostname="DESKTOP-F19DPLC" failures="0" tests="2" name="runners.CucumberRunnerTypingTest" time="28.605" errors="0" timestamp="2023-07-03T22:22:57 EDT" skipped="0">
  <testcase classname="runners.CucumberRunnerTypingTest" name="runScenario" time="8.075"/>
  <system-out/>
  <testcase classname="runners.CucumberRunnerTypingTest" name="runScenario" time="20.530"/>
  <system-out/>
</testsuite> <!-- runners.CucumberRunnerTypingTest -->
