<?xml version="1.0" encoding="UTF-8"?>
<!-- Generated by org.testng.reporters.JUnitReportReporter -->
<testsuite hostname="DESKTOP-F19DPLC" failures="0" tests="4" name="runners.CucumberRunnerHomePage" time="52.663" errors="0" timestamp="2023-01-13T16:08:52 EST" skipped="0">
  <testcase classname="runners.CucumberRunnerHomePage" name="runScenario" time="3.314"/>
  <system-out/>
  <testcase classname="runners.CucumberRunnerHomePage" name="runScenario" time="25.449"/>
  <system-out/>
  <testcase classname="runners.CucumberRunnerHomePage" name="runScenario" time="1.456"/>
  <system-out/>
  <testcase classname="runners.CucumberRunnerHomePage" name="runScenario" time="22.444"/>
  <system-out/>
</testsuite> <!-- runners.CucumberRunnerHomePage -->
