<?xml version="1.0" encoding="UTF-8"?>
<!-- Generated by org.testng.reporters.JUnitReportReporter -->
<testsuite hostname="DESKTOP-F19DPLC" failures="1" tests="3" name="runners.CucumberRunner" time="28.287" errors="0" timestamp="2022-12-12T21:02:07 EST" skipped="0">
  <testcase classname="runners.CucumberRunner" name="runScenario" time="22.949">
    <failure message="expected [true] but found [false]" type="java.lang.AssertionError">
      <![CDATA[java.lang.AssertionError: expected [true] but found [false]
at org.testng.Assert.fail(Assert.java:99)
at org.testng.Assert.failNotEquals(Assert.java:1037)
at org.testng.Assert.assertTrue(Assert.java:45)
at org.testng.Assert.assertTrue(Assert.java:55)
at commonUtilities.GenericMethods.clickElement(GenericMethods.java:24)
at pages.HomePage.clickOnModuleLink(HomePage.java:34)
at stepdefinitions.Home_Stepdef.thenUserClickOnBestSellersLink(Home_Stepdef.java:37)
at âœ½.user click on "New Release" link(file:///C:/Users/yunus/eclipse-AutomationProject/AutomationProject/src/test/java/features/login.feature:29)
]]>
    </failure>
  </testcase> <!-- runScenario -->
  <system-out/>
  <testcase classname="runners.CucumberRunner" name="runScenario" time="1.429"/>
  <system-out/>
  <testcase classname="runners.CucumberRunner" name="runScenario" time="3.909"/>
  <system-out/>
</testsuite> <!-- runners.CucumberRunner -->
