<?xml version="1.0" encoding="UTF-8"?>
<!-- Generated by org.testng.reporters.JUnitReportReporter -->
<testsuite hostname="DESKTOP-F19DPLC" failures="0" tests="3" name="runners.CucumberRunnerLogin" time="44.311" errors="0" timestamp="2022-12-19T14:29:36 EST" skipped="0">
  <testcase classname="runners.CucumberRunnerLogin" name="runScenario" time="23.882"/>
  <system-out/>
  <testcase classname="runners.CucumberRunnerLogin" name="runScenario" time="0.263"/>
  <system-out/>
  <testcase classname="runners.CucumberRunnerLogin" name="runScenario" time="20.166"/>
  <system-out/>
</testsuite> <!-- runners.CucumberRunnerLogin -->
