<?xml version="1.0" encoding="UTF-8"?>
<!-- Generated by org.testng.reporters.JUnitReportReporter -->
<testsuite hostname="DESKTOP-F19DPLC" failures="0" tests="3" name="runners.CucumberRunnerReactionTimeTestPage" time="47.594" errors="0" timestamp="2023-01-28T12:31:26 EST" skipped="0">
  <testcase classname="runners.CucumberRunnerReactionTimeTestPage" name="runScenario" time="20.393"/>
  <system-out/>
  <testcase classname="runners.CucumberRunnerReactionTimeTestPage" name="runScenario" time="20.695"/>
  <system-out/>
  <testcase classname="runners.CucumberRunnerReactionTimeTestPage" name="runScenario" time="6.506"/>
  <system-out/>
</testsuite> <!-- runners.CucumberRunnerReactionTimeTestPage -->
