<?xml version="1.0" encoding="UTF-8"?>
<!-- Generated by org.testng.reporters.JUnitReportReporter -->
<testsuite hostname="DESKTOP-F19DPLC" failures="0" tests="2" name="runners.CucumberRunner" time="19.317" errors="0" timestamp="2023-01-13T23:26:55 EST" skipped="0">
  <testcase classname="runners.CucumberRunner" name="runScenario" time="16.493"/>
  <system-out/>
  <testcase classname="runners.CucumberRunner" name="runScenario" time="2.824"/>
  <system-out/>
</testsuite> <!-- runners.CucumberRunner -->
