<?xml version="1.0" encoding="UTF-8"?>
<!-- Generated by org.testng.reporters.JUnitReportReporter -->
<testsuite hostname="DESKTOP-F19DPLC" failures="0" tests="5" name="runners.CucumberRunnerRegression" time="54.539" errors="0" timestamp="2023-01-08T13:14:26 EST" skipped="0">
  <testcase classname="runners.CucumberRunnerRegression" name="runScenario" time="1.505"/>
  <system-out/>
  <testcase classname="runners.CucumberRunnerRegression" name="runScenario" time="21.232"/>
  <system-out/>
  <testcase classname="runners.CucumberRunnerRegression" name="runScenario" time="26.016"/>
  <system-out/>
  <testcase classname="runners.CucumberRunnerRegression" name="runScenario" time="2.464"/>
  <system-out/>
  <testcase classname="runners.CucumberRunnerRegression" name="runScenario" time="3.322"/>
  <system-out/>
</testsuite> <!-- runners.CucumberRunnerRegression -->
