<?xml version="1.0" encoding="UTF-8"?>
<!-- Generated by org.testng.reporters.JUnitReportReporter -->
<testsuite hostname="DESKTOP-F19DPLC" failures="0" tests="2" name="runners.CucumberRunnerSequenceMemory" time="94.003" errors="0" timestamp="2023-01-24T22:36:04 EST" skipped="0">
  <testcase classname="runners.CucumberRunnerSequenceMemory" name="runScenario" time="57.180"/>
  <system-out/>
  <testcase classname="runners.CucumberRunnerSequenceMemory" name="runScenario" time="36.823"/>
  <system-out/>
</testsuite> <!-- runners.CucumberRunnerSequenceMemory -->
