<?xml version="1.0" encoding="UTF-8"?>
<!-- Generated by org.testng.reporters.JUnitReportReporter -->
<testsuite hostname="DESKTOP-F19DPLC" failures="0" tests="2" name="runners.CucumberRunner" time="18.183" errors="0" timestamp="2023-01-19T17:54:25 EST" skipped="0">
  <testcase classname="runners.CucumberRunner" name="runScenario" time="1.624"/>
  <system-out/>
  <testcase classname="runners.CucumberRunner" name="runScenario" time="16.559"/>
  <system-out/>
</testsuite> <!-- runners.CucumberRunner -->
