<?xml version="1.0" encoding="UTF-8"?>
<!-- Generated by org.testng.reporters.JUnitReportReporter -->
<testsuite hostname="DESKTOP-F19DPLC" failures="4" tests="5" name="runners.CucumberRunnerRegression" time="128.976" errors="0" timestamp="2022-12-19T17:13:22 EST" skipped="0">
  <testcase classname="runners.CucumberRunnerRegression" name="runScenario" time="21.248">
    <failure message="expected [true] but found [false]" type="java.lang.AssertionError">
      <![CDATA[java.lang.AssertionError: expected [true] but found [false]
at org.testng.Assert.fail(Assert.java:99)
at org.testng.Assert.failNotEquals(Assert.java:1037)
at org.testng.Assert.assertTrue(Assert.java:45)
at org.testng.Assert.assertTrue(Assert.java:55)
at commonUtilities.Screenshot.logFail(Screenshot.java:40)
at commonUtilities.GenericMethods.clickElement(GenericMethods.java:25)
at pages.HomePage.clickOnAllDropdownButton(HomePage.java:24)
at stepdefinitions.Home_Stepdef.userClickOnAllButton(Home_Stepdef.java:36)
at ✽.user click All button(file:///C:/Users/yunus/eclipse-AutomationProject/AutomationProject/src/test/java/features/login.feature:28)
]]>
    </failure>
  </testcase> <!-- runScenario -->
  <system-out/>
  <testcase classname="runners.CucumberRunnerRegression" name="runScenario" time="41.199">
    <failure message="expected [true] but found [false]" type="java.lang.AssertionError">
      <![CDATA[java.lang.AssertionError: expected [true] but found [false]
at org.testng.Assert.fail(Assert.java:99)
at org.testng.Assert.failNotEquals(Assert.java:1037)
at org.testng.Assert.assertTrue(Assert.java:45)
at org.testng.Assert.assertTrue(Assert.java:55)
at commonUtilities.Screenshot.logFail(Screenshot.java:40)
at pages.LoginPage.loginWithValidCredentials(LoginPage.java:47)
at stepdefinitions.Login_Stepdef.userLoggedInWithValidCredentials(Login_Stepdef.java:29)
at ✽.user logged in with valid credentials(file:///C:/Users/yunus/eclipse-AutomationProject/AutomationProject/src/test/java/features/login.feature:42)
]]>
    </failure>
  </testcase> <!-- runScenario -->
  <system-out/>
  <testcase classname="runners.CucumberRunnerRegression" name="runScenario" time="0.265"/>
  <system-out/>
  <testcase classname="runners.CucumberRunnerRegression" name="runScenario" time="41.413">
    <failure message="expected [true] but found [false]" type="java.lang.AssertionError">
      <![CDATA[java.lang.AssertionError: expected [true] but found [false]
at org.testng.Assert.fail(Assert.java:99)
at org.testng.Assert.failNotEquals(Assert.java:1037)
at org.testng.Assert.assertTrue(Assert.java:45)
at org.testng.Assert.assertTrue(Assert.java:55)
at commonUtilities.Screenshot.logFail(Screenshot.java:40)
at pages.LoginPage.loginWithValidCredentials(LoginPage.java:47)
at stepdefinitions.Login_Stepdef.userLoggedInWithValidCredentials(Login_Stepdef.java:29)
at ✽.user logged in with valid credentials(file:///C:/Users/yunus/eclipse-AutomationProject/AutomationProject/src/test/java/features/login.feature:38)
]]>
    </failure>
  </testcase> <!-- runScenario -->
  <system-out/>
  <testcase classname="runners.CucumberRunnerRegression" name="runScenario" time="24.851">
    <failure message="expected [true] but found [false]" type="java.lang.AssertionError">
      <![CDATA[java.lang.AssertionError: expected [true] but found [false]
at org.testng.Assert.fail(Assert.java:99)
at org.testng.Assert.failNotEquals(Assert.java:1037)
at org.testng.Assert.assertTrue(Assert.java:45)
at org.testng.Assert.assertTrue(Assert.java:55)
at commonUtilities.Screenshot.logFail(Screenshot.java:40)
at commonUtilities.GenericMethods.clickElement(GenericMethods.java:25)
at pages.HomePage.clickOnAllDropdownButton(HomePage.java:24)
at stepdefinitions.Home_Stepdef.userClickOnAllButton(Home_Stepdef.java:36)
at ✽.user click All button(file:///C:/Users/yunus/eclipse-AutomationProject/AutomationProject/src/test/java/features/login.feature:28)
]]>
    </failure>
  </testcase> <!-- runScenario -->
  <system-out/>
</testsuite> <!-- runners.CucumberRunnerRegression -->
