<?xml version="1.0" encoding="UTF-8"?>
<!-- Generated by org.testng.reporters.JUnitReportReporter -->
<testsuite hostname="DESKTOP-F19DPLC" failures="0" tests="2" name="runners.CucumberRunnerHomePage" time="19.117" errors="0" timestamp="2023-01-19T19:13:49 EST" skipped="0">
  <testcase classname="runners.CucumberRunnerHomePage" name="runScenario" time="16.607"/>
  <system-out/>
  <testcase classname="runners.CucumberRunnerHomePage" name="runScenario" time="2.510"/>
  <system-out/>
</testsuite> <!-- runners.CucumberRunnerHomePage -->
