<?xml version="1.0" encoding="UTF-8"?>
<!-- Generated by org.testng.reporters.JUnitReportReporter -->
<testsuite hostname="DESKTOP-F19DPLC" failures="0" tests="3" name="runners.CucumberRunnerLogin" time="40.239" errors="0" timestamp="2023-01-14T13:35:17 EST" skipped="0">
  <testcase classname="runners.CucumberRunnerLogin" name="runScenario" time="16.535"/>
  <system-out/>
  <testcase classname="runners.CucumberRunnerLogin" name="runScenario" time="22.854"/>
  <system-out/>
  <testcase classname="runners.CucumberRunnerLogin" name="runScenario" time="0.850"/>
  <system-out/>
</testsuite> <!-- runners.CucumberRunnerLogin -->
