<?xml version="1.0" encoding="UTF-8"?>
<!-- Generated by org.testng.reporters.JUnitReportReporter -->
<testsuite hostname="DESKTOP-F19DPLC" failures="0" tests="1" name="runners.CucumberRunnerLogin" time="2.658" errors="0" timestamp="2023-01-19T18:15:49 EST" skipped="0">
  <testcase classname="runners.CucumberRunnerLogin" name="runScenario" time="2.658"/>
  <system-out/>
</testsuite> <!-- runners.CucumberRunnerLogin -->
