<?xml version="1.0" encoding="UTF-8"?>
<!-- Generated by org.testng.reporters.JUnitReportReporter -->
<testsuite hostname="DESKTOP-F19DPLC" failures="0" tests="15" name="runners.CucumberRunnerRegression" time="149.722" errors="0" timestamp="2023-02-02T15:27:37 EST" skipped="0">
  <testcase classname="runners.CucumberRunnerRegression" name="runScenario" time="0.268"/>
  <system-out/>
  <testcase classname="runners.CucumberRunnerRegression" name="runScenario" time="7.671"/>
  <system-out/>
  <testcase classname="runners.CucumberRunnerRegression" name="runScenario" time="2.308"/>
  <system-out/>
  <testcase classname="runners.CucumberRunnerRegression" name="runScenario" time="0.704"/>
  <system-out/>
  <testcase classname="runners.CucumberRunnerRegression" name="runScenario" time="4.285"/>
  <system-out/>
  <testcase classname="runners.CucumberRunnerRegression" name="runScenario" time="2.408"/>
  <system-out/>
  <testcase classname="runners.CucumberRunnerRegression" name="runScenario" time="4.892"/>
  <system-out/>
  <testcase classname="runners.CucumberRunnerRegression" name="runScenario" time="4.245"/>
  <system-out/>
  <testcase classname="runners.CucumberRunnerRegression" name="runScenario" time="2.154"/>
  <system-out/>
  <testcase classname="runners.CucumberRunnerRegression" name="runScenario" time="2.579"/>
  <system-out/>
  <testcase classname="runners.CucumberRunnerRegression" name="runScenario" time="46.248"/>
  <system-out/>
  <testcase classname="runners.CucumberRunnerRegression" name="runScenario" time="0.342"/>
  <system-out/>
  <testcase classname="runners.CucumberRunnerRegression" name="runScenario" time="0.435"/>
  <system-out/>
  <testcase classname="runners.CucumberRunnerRegression" name="runScenario" time="54.627"/>
  <system-out/>
  <testcase classname="runners.CucumberRunnerRegression" name="runScenario" time="16.556"/>
  <system-out/>
</testsuite> <!-- runners.CucumberRunnerRegression -->
