<?xml version="1.0" encoding="UTF-8"?>
<!-- Generated by org.testng.reporters.JUnitReportReporter -->
<testsuite skipped="0" hostname="DESKTOP-F19DPLC" name="runners.CucumberRunner" tests="5" failures="0" timestamp="2022-12-18T22:27:59 EST" time="72.232" errors="0">
  <testcase name="runScenario" time="5.064" classname="runners.CucumberRunner"/>
  <system-out/>
  <testcase name="runScenario" time="17.052" classname="runners.CucumberRunner"/>
  <system-out/>
  <testcase name="runScenario" time="24.393" classname="runners.CucumberRunner"/>
  <system-out/>
  <testcase name="runScenario" time="20.854" classname="runners.CucumberRunner"/>
  <system-out/>
  <testcase name="runScenario" time="4.869" classname="runners.CucumberRunner"/>
  <system-out/>
</testsuite> <!-- runners.CucumberRunner -->
