<?xml version="1.0" encoding="UTF-8"?>
<!-- Generated by org.testng.reporters.JUnitReportReporter -->
<testsuite hostname="DESKTOP-F19DPLC" failures="0" tests="5" name="runners.CucumberRunnerRegression" time="52.960" errors="0" timestamp="2022-12-19T14:03:29 EST" skipped="0">
  <testcase classname="runners.CucumberRunnerRegression" name="runScenario" time="23.906"/>
  <system-out/>
  <testcase classname="runners.CucumberRunnerRegression" name="runScenario" time="20.900"/>
  <system-out/>
  <testcase classname="runners.CucumberRunnerRegression" name="runScenario" time="1.090"/>
  <system-out/>
  <testcase classname="runners.CucumberRunnerRegression" name="runScenario" time="2.919"/>
  <system-out/>
  <testcase classname="runners.CucumberRunnerRegression" name="runScenario" time="4.145"/>
  <system-out/>
</testsuite> <!-- runners.CucumberRunnerRegression -->
